FtcRobotController/build/outputs/logs/manifest-merger-debug-report.txt
-- Merging decision tree log ---
manifest
ADDED from src\main\AndroidManifest.xml:2:1-81:12
INJECTED from src\main\AndroidManifest.xml:2:1-81:12
INJECTED from src\main\AndroidManifest.xml:2:1-81:12
INJECTED from src\main\AndroidManifest.xml:2:1-81:12
INJECTED from src\main\AndroidManifest.xml:2:1-81:12
INJECTED from src\main\AndroidManifest.xml:2:1-81:12
INJECTED from src\main\AndroidManifest.xml:2:1-81:12
	package
		ADDED from src\main\AndroidManifest.xml:4:11-52
		INJECTED from src\main\AndroidManifest.xml
		INJECTED from src\main\AndroidManifest.xml
	android:versionName
		ADDED from src\main\AndroidManifest.xml:6:11-36
		INJECTED from src\main\AndroidManifest.xml
		INJECTED from src\main\AndroidManifest.xml
	xmlns:tools
		ADDED from src\main\AndroidManifest.xml:3:11-57
	xmlns:android
		ADDED from src\main\AndroidManifest.xml:2:11-69
	android:versionCode
		ADDED from src\main\AndroidManifest.xml:5:11-35
		INJECTED from src\main\AndroidManifest.xml
		INJECTED from src\main\AndroidManifest.xml
uses-permission#android.permission.RECEIVE_BOOT_COMPLETED
ADDED from src\main\AndroidManifest.xml:8:3-79
	android:name
		ADDED from src\main\AndroidManifest.xml:8:20-76
application
ADDED from src\main\AndroidManifest.xml:10:3-79:17
	android:extractNativeLibs
		ADDED from src\main\AndroidManifest.xml:13:5-37
	android:label
		ADDED from src\main\AndroidManifest.xml:15:5-37
	android:largeHeap
		ADDED from src\main\AndroidManifest.xml:12:5-29
	android:icon
		ADDED from src\main\AndroidManifest.xml:14:5-41
	android:allowBackup
		ADDED from src\main\AndroidManifest.xml:11:5-31
	android:theme
		ADDED from src\main\AndroidManifest.xml:16:5-41
	android:usesCleartextTraffic
		ADDED from src\main\AndroidManifest.xml:17:5-40
meta-data#org.firstinspires.latestSupportedControlHubVersion
ADDED from src\main\AndroidManifest.xml:20:5-22:29
	android:value
		ADDED from src\main\AndroidManifest.xml:22:9-26
	android:name
		ADDED from src\main\AndroidManifest.xml:21:9-74
activity#org.firstinspires.ftc.robotcontroller.internal.PermissionValidatorWrapper
ADDED from src\main\AndroidManifest.xml:25:5-36:16
	android:screenOrientation
		ADDED from src\main\AndroidManifest.xml:26:15-51
	android:label
		ADDED from src\main\AndroidManifest.xml:28:15-47
	android:launchMode
		ADDED from src\main\AndroidManifest.xml:29:15-46
	android:configChanges
		ADDED from src\main\AndroidManifest.xml:27:15-61
	android:name
		ADDED from src\main\AndroidManifest.xml:25:15-103
intent-filter#action:name:android.intent.action.MAIN+category:name:android.intent.category.LAUNCHER
ADDED from src\main\AndroidManifest.xml:31:7-34:23
category#android.intent.category.LAUNCHER
ADDED from src\main\AndroidManifest.xml:32:9-69
	android:name
		ADDED from src\main\AndroidManifest.xml:32:19-66
action#android.intent.action.MAIN
ADDED from src\main\AndroidManifest.xml:33:9-61
	android:name
		ADDED from src\main\AndroidManifest.xml:33:17-58
activity#org.firstinspires.ftc.robotcontroller.internal.FtcRobotControllerActivity
ADDED from src\main\AndroidManifest.xml:38:5-57:16
	android:screenOrientation
		ADDED from src\main\AndroidManifest.xml:40:7-43
	android:label
		ADDED from src\main\AndroidManifest.xml:42:7-39
	android:launchMode
		ADDED from src\main\AndroidManifest.xml:43:7-38
	android:configChanges
		ADDED from src\main\AndroidManifest.xml:41:7-53
	android:name
		ADDED from src\main\AndroidManifest.xml:39:7-95
intent-filter#action:name:android.hardware.usb.action.USB_DEVICE_ATTACHED
ADDED from src\main\AndroidManifest.xml:45:7-47:23
action#android.hardware.usb.action.USB_DEVICE_ATTACHED
ADDED from src\main\AndroidManifest.xml:46:9-82
	android:name
		ADDED from src\main\AndroidManifest.xml:46:17-79
meta-data#android.hardware.usb.action.USB_DEVICE_ATTACHED
ADDED from src\main\AndroidManifest.xml:49:7-51:49
	android:resource
		ADDED from src\main\AndroidManifest.xml:51:9-46
	android:name
		ADDED from src\main\AndroidManifest.xml:50:9-71
meta-data#org.firstinspires.main.entry
ADDED from src\main\AndroidManifest.xml:54:7-56:34
	android:value
		ADDED from src\main\AndroidManifest.xml:56:11-31
	android:name
		ADDED from src\main\AndroidManifest.xml:55:11-54
service#com.qualcomm.ftccommon.FtcRobotControllerService
ADDED from src\main\AndroidManifest.xml:60:5-62:32
	android:enabled
		ADDED from src\main\AndroidManifest.xml:62:7-29
	android:name
		ADDED from src\main\AndroidManifest.xml:61:7-70
receiver#org.firstinspires.ftc.ftccommon.internal.RunOnBoot
ADDED from src\main\AndroidManifest.xml:66:5-77:16
	android:enabled
		ADDED from src\main\AndroidManifest.xml:67:7-29
	android:exported
		ADDED from src\main\AndroidManifest.xml:68:7-30
	android:permission
		ADDED from src\main\AndroidManifest.xml:70:7-69
	android:name
		ADDED from src\main\AndroidManifest.xml:69:7-72
intent-filter#action:name:android.intent.action.BOOT_COMPLETED+action:name:android.intent.action.QUICKBOOT_POWERON+category:name:android.intent.category.DEFAULT
ADDED from src\main\AndroidManifest.xml:72:7-76:23
category#android.intent.category.DEFAULT
ADDED from src\main\AndroidManifest.xml:73:9-68
	android:name
		ADDED from src\main\AndroidManifest.xml:73:19-65
action#android.intent.action.BOOT_COMPLETED
ADDED from src\main\AndroidManifest.xml:74:9-71
	android:name
		ADDED from src\main\AndroidManifest.xml:74:17-68
action#android.intent.action.QUICKBOOT_POWERON
ADDED from src\main\AndroidManifest.xml:75:9-74
	android:name
		ADDED from src\main\AndroidManifest.xml:75:17-71
uses-sdk
INJECTED from src\main\AndroidManifest.xml reason: use-sdk injection requested
INJECTED from src\main\AndroidManifest.xml
INJECTED from src\main\AndroidManifest.xml
INJECTED from src\main\AndroidManifest.xml
INJECTED from src\main\AndroidManifest.xml
	android:targetSdkVersion
		INJECTED from src\main\AndroidManifest.xml
		ADDED from src\main\AndroidManifest.xml
		INJECTED from src\main\AndroidManifest.xml
	android:minSdkVersion
		INJECTED from src\main\AndroidManifest.xml
		ADDED from src\main\AndroidManifest.xml
		INJECTED from src\main\AndroidManifest.xml